<?xml version="1.0" encoding="UTF-8"?>
<coverage generated="1605816076889" clover="3.2.0">
  <project timestamp="1605816076889" name="All files">
    <metrics statements="41" coveredstatements="41" conditionals="6" coveredconditionals="4" methods="15" coveredmethods="15" elements="62" coveredelements="60" complexity="0" loc="41" ncloc="41" packages="1" files="4" classes="4"/>
    <file name="appendJenkinsBuildData.ts" path="/home/sam/devl/workspace/cas/jenkinsBuildTimesLogging/simpleNodeProxy/src/server/appendJenkinsBuildData.ts">
      <metrics statements="12" coveredstatements="12" conditionals="2" coveredconditionals="2" methods="5" coveredmethods="5"/>
      <line num="5" count="1" type="stmt"/>
      <line num="6" count="1" type="stmt"/>
      <line num="7" count="1" type="stmt"/>
      <line num="10" count="1" type="stmt"/>
      <line num="11" count="1" type="stmt"/>
      <line num="12" count="1" type="stmt"/>
      <line num="13" count="1" type="stmt"/>
      <line num="14" count="1" type="cond" truecount="2" falsecount="0"/>
      <line num="16" count="1" type="stmt"/>
      <line num="19" count="1" type="stmt"/>
      <line num="20" count="1" type="stmt"/>
      <line num="21" count="34" type="stmt"/>
    </file>
    <file name="filterData.ts" path="/home/sam/devl/workspace/cas/jenkinsBuildTimesLogging/simpleNodeProxy/src/server/filterData.ts">
      <metrics statements="2" coveredstatements="2" conditionals="0" coveredconditionals="0" methods="2" coveredmethods="2"/>
      <line num="3" count="1" type="stmt"/>
      <line num="5" count="31" type="stmt"/>
    </file>
    <file name="retrieveLoggedData.ts" path="/home/sam/devl/workspace/cas/jenkinsBuildTimesLogging/simpleNodeProxy/src/server/retrieveLoggedData.ts">
      <metrics statements="4" coveredstatements="4" conditionals="0" coveredconditionals="0" methods="1" coveredmethods="1"/>
      <line num="4" count="2" type="stmt"/>
      <line num="6" count="2" type="stmt"/>
      <line num="7" count="2" type="stmt"/>
      <line num="9" count="2" type="stmt"/>
    </file>
    <file name="time.ts" path="/home/sam/devl/workspace/cas/jenkinsBuildTimesLogging/simpleNodeProxy/src/server/time.ts">
      <metrics statements="23" coveredstatements="23" conditionals="4" coveredconditionals="2" methods="7" coveredmethods="7"/>
      <line num="1" count="1" type="stmt"/>
      <line num="3" count="1" type="stmt"/>
      <line num="4" count="1" type="stmt"/>
      <line num="5" count="1" type="stmt"/>
      <line num="6" count="1" type="stmt"/>
      <line num="7" count="1" type="stmt"/>
      <line num="8" count="1" type="stmt"/>
      <line num="9" count="1" type="stmt"/>
      <line num="10" count="1" type="stmt"/>
      <line num="11" count="1" type="stmt"/>
      <line num="15" count="4" type="stmt"/>
      <line num="16" count="2" type="stmt"/>
      <line num="17" count="4" type="stmt"/>
      <line num="19" count="6" type="stmt"/>
      <line num="21" count="1" type="stmt"/>
      <line num="22" count="2" type="stmt"/>
      <line num="23" count="2" type="stmt"/>
      <line num="26" count="1" type="stmt"/>
      <line num="27" count="2" type="stmt"/>
      <line num="28" count="2" type="stmt"/>
      <line num="29" count="2" type="stmt"/>
      <line num="30" count="2" type="stmt"/>
      <line num="32" count="2" type="stmt"/>
    </file>
  </project>
</coverage>
