{"/home/sam/devl/workspace/cas/jenkinsBuildTimesLogging/simpleNodeProxy/src/server/appendJenkinsBuildData.ts": {"path":"/home/sam/devl/workspace/cas/jenkinsBuildTimesLogging/simpleNodeProxy/src/server/appendJenkinsBuildData.ts","statementMap":{"0":{"start":{"line":5,"column":22},"end":{"line":8,"column":1}},"1":{"start":{"line":6,"column":23},"end":{"line":6,"column":43}},"2":{"start":{"line":7,"column":2},"end":{"line":7,"column":64}},"3":{"start":{"line":10,"column":20},"end":{"line":17,"column":1}},"4":{"start":{"line":11,"column":27},"end":{"line":11,"column":36}},"5":{"start":{"line":12,"column":30},"end":{"line":12,"column":70}},"6":{"start":{"line":13,"column":27},"end":{"line":15,"column":4}},"7":{"start":{"line":14,"column":4},"end":{"line":14,"column":78}},"8":{"start":{"line":16,"column":2},"end":{"line":16,"column":51}},"9":{"start":{"line":19,"column":31},"end":{"line":23,"column":1}},"10":{"start":{"line":20,"column":4},"end":{"line":22,"column":7}},"11":{"start":{"line":21,"column":8},"end":{"line":21,"column":32}}},"fnMap":{"0":{"name":"(anonymous_0)","decl":{"start":{"line":5,"column":22},"end":{"line":5,"column":23}},"loc":{"start":{"line":5,"column":81},"end":{"line":8,"column":1}},"line":5},"1":{"name":"(anonymous_1)","decl":{"start":{"line":10,"column":20},"end":{"line":10,"column":21}},"loc":{"start":{"line":10,"column":65},"end":{"line":17,"column":1}},"line":10},"2":{"name":"(anonymous_2)","decl":{"start":{"line":13,"column":42},"end":{"line":13,"column":43}},"loc":{"start":{"line":13,"column":52},"end":{"line":15,"column":3}},"line":13},"3":{"name":"(anonymous_3)","decl":{"start":{"line":19,"column":31},"end":{"line":19,"column":32}},"loc":{"start":{"line":19,"column":80},"end":{"line":23,"column":1}},"line":19},"4":{"name":"(anonymous_4)","decl":{"start":{"line":20,"column":27},"end":{"line":20,"column":28}},"loc":{"start":{"line":20,"column":67},"end":{"line":22,"column":5}},"line":20}},"branchMap":{"0":{"loc":{"start":{"line":14,"column":12},"end":{"line":14,"column":76}},"type":"binary-expr","locations":[{"start":{"line":14,"column":12},"end":{"line":14,"column":25}},{"start":{"line":14,"column":29},"end":{"line":14,"column":76}}],"line":14}},"s":{"0":1,"1":1,"2":1,"3":1,"4":1,"5":1,"6":1,"7":1,"8":1,"9":1,"10":1,"11":34},"f":{"0":1,"1":1,"2":1,"3":1,"4":34},"b":{"0":[1,1]},"_coverageSchema":"1a1c01bbd47fc00a2c39e90264f33305004495a9","hash":"f897a4a4e61d972dc11db1bd0c0987e2345378a4"}
,"/home/sam/devl/workspace/cas/jenkinsBuildTimesLogging/simpleNodeProxy/src/server/filterData.ts": {"path":"/home/sam/devl/workspace/cas/jenkinsBuildTimesLogging/simpleNodeProxy/src/server/filterData.ts","statementMap":{"0":{"start":{"line":3,"column":16},"end":{"line":3,"column":25}},"1":{"start":{"line":5,"column":23},"end":{"line":5,"column":105}},"2":{"start":{"line":5,"column":65},"end":{"line":5,"column":105}},"3":{"start":{"line":5,"column":84},"end":{"line":5,"column":104}}},"fnMap":{"0":{"name":"(anonymous_0)","decl":{"start":{"line":5,"column":23},"end":{"line":5,"column":24}},"loc":{"start":{"line":5,"column":65},"end":{"line":5,"column":105}},"line":5},"1":{"name":"(anonymous_1)","decl":{"start":{"line":5,"column":77},"end":{"line":5,"column":78}},"loc":{"start":{"line":5,"column":84},"end":{"line":5,"column":104}},"line":5}},"branchMap":{},"s":{"0":1,"1":1,"2":1,"3":31},"f":{"0":1,"1":31},"b":{},"_coverageSchema":"1a1c01bbd47fc00a2c39e90264f33305004495a9","hash":"a23125fc401e8a2331c5d0cdeb9f711991a5b705"}
,"/home/sam/devl/workspace/cas/jenkinsBuildTimesLogging/simpleNodeProxy/src/server/retrieveLoggedData.ts": {"path":"/home/sam/devl/workspace/cas/jenkinsBuildTimesLogging/simpleNodeProxy/src/server/retrieveLoggedData.ts","statementMap":{"0":{"start":{"line":4,"column":21},"end":{"line":4,"column":66}},"1":{"start":{"line":6,"column":16},"end":{"line":10,"column":1}},"2":{"start":{"line":7,"column":19},"end":{"line":8,"column":15}},"3":{"start":{"line":9,"column":2},"end":{"line":9,"column":30}}},"fnMap":{"0":{"name":"(anonymous_0)","decl":{"start":{"line":6,"column":16},"end":{"line":6,"column":17}},"loc":{"start":{"line":6,"column":22},"end":{"line":10,"column":1}},"line":6}},"branchMap":{},"s":{"0":2,"1":2,"2":2,"3":2},"f":{"0":2},"b":{},"_coverageSchema":"1a1c01bbd47fc00a2c39e90264f33305004495a9","hash":"c0e337aac1ff769685c2367d7deb02b9ff6bf8cd"}
,"/home/sam/devl/workspace/cas/jenkinsBuildTimesLogging/simpleNodeProxy/src/server/time.ts": {"path":"/home/sam/devl/workspace/cas/jenkinsBuildTimesLogging/simpleNodeProxy/src/server/time.ts","statementMap":{"0":{"start":{"line":1,"column":15},"end":{"line":1,"column":99}},"1":{"start":{"line":3,"column":28},"end":{"line":13,"column":1}},"2":{"start":{"line":4,"column":12},"end":{"line":4,"column":35}},"3":{"start":{"line":5,"column":15},"end":{"line":5,"column":30}},"4":{"start":{"line":6,"column":16},"end":{"line":6,"column":36}},"5":{"start":{"line":7,"column":15},"end":{"line":7,"column":26}},"6":{"start":{"line":8,"column":15},"end":{"line":8,"column":27}},"7":{"start":{"line":9,"column":14},"end":{"line":9,"column":28}},"8":{"start":{"line":10,"column":14},"end":{"line":10,"column":28}},"9":{"start":{"line":11,"column":2},"end":{"line":12,"column":58}},"10":{"start":{"line":15,"column":29},"end":{"line":15,"column":74}},"11":{"start":{"line":15,"column":55},"end":{"line":15,"column":74}},"12":{"start":{"line":16,"column":23},"end":{"line":16,"column":73}},"13":{"start":{"line":16,"column":44},"end":{"line":16,"column":73}},"14":{"start":{"line":17,"column":25},"end":{"line":17,"column":70}},"15":{"start":{"line":17,"column":46},"end":{"line":17,"column":70}},"16":{"start":{"line":19,"column":12},"end":{"line":19,"column":73}},"17":{"start":{"line":19,"column":43},"end":{"line":19,"column":73}},"18":{"start":{"line":21,"column":26},"end":{"line":24,"column":1}},"19":{"start":{"line":22,"column":18},"end":{"line":22,"column":48}},"20":{"start":{"line":23,"column":2},"end":{"line":23,"column":35}},"21":{"start":{"line":26,"column":24},"end":{"line":33,"column":1}},"22":{"start":{"line":27,"column":32},"end":{"line":27,"column":62}},"23":{"start":{"line":28,"column":16},"end":{"line":28,"column":45}},"24":{"start":{"line":29,"column":18},"end":{"line":29,"column":54}},"25":{"start":{"line":30,"column":18},"end":{"line":30,"column":58}},"26":{"start":{"line":32,"column":2},"end":{"line":32,"column":66}}},"fnMap":{"0":{"name":"(anonymous_0)","decl":{"start":{"line":3,"column":28},"end":{"line":3,"column":29}},"loc":{"start":{"line":3,"column":55},"end":{"line":13,"column":1}},"line":3},"1":{"name":"(anonymous_1)","decl":{"start":{"line":15,"column":29},"end":{"line":15,"column":30}},"loc":{"start":{"line":15,"column":55},"end":{"line":15,"column":74}},"line":15},"2":{"name":"(anonymous_2)","decl":{"start":{"line":16,"column":23},"end":{"line":16,"column":24}},"loc":{"start":{"line":16,"column":44},"end":{"line":16,"column":73}},"line":16},"3":{"name":"(anonymous_3)","decl":{"start":{"line":17,"column":25},"end":{"line":17,"column":26}},"loc":{"start":{"line":17,"column":46},"end":{"line":17,"column":70}},"line":17},"4":{"name":"(anonymous_4)","decl":{"start":{"line":19,"column":12},"end":{"line":19,"column":13}},"loc":{"start":{"line":19,"column":43},"end":{"line":19,"column":73}},"line":19},"5":{"name":"(anonymous_5)","decl":{"start":{"line":21,"column":26},"end":{"line":21,"column":27}},"loc":{"start":{"line":21,"column":48},"end":{"line":24,"column":1}},"line":21},"6":{"name":"(anonymous_6)","decl":{"start":{"line":26,"column":24},"end":{"line":26,"column":25}},"loc":{"start":{"line":26,"column":46},"end":{"line":33,"column":1}},"line":26}},"branchMap":{"0":{"loc":{"start":{"line":12,"column":4},"end":{"line":12,"column":26}},"type":"cond-expr","locations":[{"start":{"line":12,"column":13},"end":{"line":12,"column":16}},{"start":{"line":12,"column":17},"end":{"line":12,"column":26}}],"line":12},"1":{"loc":{"start":{"line":12,"column":30},"end":{"line":12,"column":55}},"type":"cond-expr","locations":[{"start":{"line":12,"column":40},"end":{"line":12,"column":43}},{"start":{"line":12,"column":46},"end":{"line":12,"column":55}}],"line":12}},"s":{"0":1,"1":1,"2":1,"3":1,"4":1,"5":1,"6":1,"7":1,"8":1,"9":1,"10":1,"11":4,"12":1,"13":2,"14":1,"15":4,"16":1,"17":6,"18":1,"19":2,"20":2,"21":1,"22":2,"23":2,"24":2,"25":2,"26":2},"f":{"0":1,"1":4,"2":2,"3":4,"4":6,"5":2,"6":2},"b":{"0":[1,0],"1":[1,0]},"_coverageSchema":"1a1c01bbd47fc00a2c39e90264f33305004495a9","hash":"9f92d1d62344cffdceb729632795b4fb11ecc7be"}
}
