{"/home/sam/devl/workspace/cas/jenkinsBuildTimesLogging/simpleNodeProxy/src/server/filterData.ts": {"path":"/home/sam/devl/workspace/cas/jenkinsBuildTimesLogging/simpleNodeProxy/src/server/filterData.ts","statementMap":{"0":{"start":{"line":3,"column":16},"end":{"line":3,"column":25}},"1":{"start":{"line":5,"column":23},"end":{"line":7,"column":1}},"2":{"start":{"line":6,"column":4},"end":{"line":6,"column":50}},"3":{"start":{"line":6,"column":28},"end":{"line":6,"column":48}}},"fnMap":{"0":{"name":"(anonymous_0)","decl":{"start":{"line":5,"column":23},"end":{"line":5,"column":24}},"loc":{"start":{"line":5,"column":65},"end":{"line":7,"column":1}},"line":5},"1":{"name":"(anonymous_1)","decl":{"start":{"line":6,"column":23},"end":{"line":6,"column":24}},"loc":{"start":{"line":6,"column":28},"end":{"line":6,"column":48}},"line":6}},"branchMap":{},"s":{"0":1,"1":1,"2":1,"3":31},"f":{"0":1,"1":31},"b":{},"_coverageSchema":"1a1c01bbd47fc00a2c39e90264f33305004495a9","hash":"07d123f0f46ff7ebf46aa3f642d68239180f32f1"}
,"/home/sam/devl/workspace/cas/jenkinsBuildTimesLogging/simpleNodeProxy/src/server/time.ts": {"path":"/home/sam/devl/workspace/cas/jenkinsBuildTimesLogging/simpleNodeProxy/src/server/time.ts","statementMap":{"0":{"start":{"line":1,"column":15},"end":{"line":1,"column":99}},"1":{"start":{"line":3,"column":28},"end":{"line":13,"column":1}},"2":{"start":{"line":4,"column":12},"end":{"line":4,"column":35}},"3":{"start":{"line":5,"column":15},"end":{"line":5,"column":30}},"4":{"start":{"line":6,"column":16},"end":{"line":6,"column":36}},"5":{"start":{"line":7,"column":15},"end":{"line":7,"column":26}},"6":{"start":{"line":8,"column":15},"end":{"line":8,"column":27}},"7":{"start":{"line":9,"column":14},"end":{"line":9,"column":28}},"8":{"start":{"line":10,"column":14},"end":{"line":10,"column":28}},"9":{"start":{"line":11,"column":2},"end":{"line":12,"column":39}},"10":{"start":{"line":15,"column":29},"end":{"line":15,"column":74}},"11":{"start":{"line":15,"column":55},"end":{"line":15,"column":74}},"12":{"start":{"line":16,"column":23},"end":{"line":16,"column":73}},"13":{"start":{"line":16,"column":44},"end":{"line":16,"column":73}},"14":{"start":{"line":17,"column":25},"end":{"line":17,"column":70}},"15":{"start":{"line":17,"column":46},"end":{"line":17,"column":70}},"16":{"start":{"line":19,"column":12},"end":{"line":19,"column":73}},"17":{"start":{"line":19,"column":43},"end":{"line":19,"column":73}},"18":{"start":{"line":21,"column":26},"end":{"line":24,"column":1}},"19":{"start":{"line":22,"column":18},"end":{"line":22,"column":48}},"20":{"start":{"line":23,"column":2},"end":{"line":23,"column":35}},"21":{"start":{"line":26,"column":24},"end":{"line":33,"column":1}},"22":{"start":{"line":27,"column":32},"end":{"line":27,"column":62}},"23":{"start":{"line":28,"column":16},"end":{"line":28,"column":45}},"24":{"start":{"line":29,"column":18},"end":{"line":29,"column":54}},"25":{"start":{"line":30,"column":18},"end":{"line":30,"column":58}},"26":{"start":{"line":32,"column":2},"end":{"line":32,"column":66}}},"fnMap":{"0":{"name":"(anonymous_0)","decl":{"start":{"line":3,"column":28},"end":{"line":3,"column":29}},"loc":{"start":{"line":3,"column":55},"end":{"line":13,"column":1}},"line":3},"1":{"name":"(anonymous_1)","decl":{"start":{"line":15,"column":29},"end":{"line":15,"column":30}},"loc":{"start":{"line":15,"column":55},"end":{"line":15,"column":74}},"line":15},"2":{"name":"(anonymous_2)","decl":{"start":{"line":16,"column":23},"end":{"line":16,"column":24}},"loc":{"start":{"line":16,"column":44},"end":{"line":16,"column":73}},"line":16},"3":{"name":"(anonymous_3)","decl":{"start":{"line":17,"column":25},"end":{"line":17,"column":26}},"loc":{"start":{"line":17,"column":46},"end":{"line":17,"column":70}},"line":17},"4":{"name":"(anonymous_4)","decl":{"start":{"line":19,"column":12},"end":{"line":19,"column":13}},"loc":{"start":{"line":19,"column":43},"end":{"line":19,"column":73}},"line":19},"5":{"name":"(anonymous_5)","decl":{"start":{"line":21,"column":26},"end":{"line":21,"column":27}},"loc":{"start":{"line":21,"column":48},"end":{"line":24,"column":1}},"line":21},"6":{"name":"(anonymous_6)","decl":{"start":{"line":26,"column":24},"end":{"line":26,"column":25}},"loc":{"start":{"line":26,"column":46},"end":{"line":33,"column":1}},"line":26}},"branchMap":{"0":{"loc":{"start":{"line":12,"column":11},"end":{"line":12,"column":36}},"type":"cond-expr","locations":[{"start":{"line":12,"column":21},"end":{"line":12,"column":24}},{"start":{"line":12,"column":27},"end":{"line":12,"column":36}}],"line":12}},"s":{"0":1,"1":1,"2":1,"3":1,"4":1,"5":1,"6":1,"7":1,"8":1,"9":1,"10":1,"11":4,"12":1,"13":2,"14":1,"15":4,"16":1,"17":6,"18":1,"19":2,"20":2,"21":1,"22":2,"23":2,"24":2,"25":2,"26":2},"f":{"0":1,"1":4,"2":2,"3":4,"4":6,"5":2,"6":2},"b":{"0":[1,0]},"_coverageSchema":"1a1c01bbd47fc00a2c39e90264f33305004495a9","hash":"a9646466501431b17507f03c547ab00260e34eca"}
}
